<?xml version="1.0" encoding="UTF-8"?>
<robot generator="Robot 6.1.1 (Python 3.12.0 on win32)" generated="20231219 15:07:30.776" rpa="false" schemaversion="4">
<suite id="s1" name="Signup" source="C:\QAxx\projects\walkdog-robot\tests\signup.robot">
<test id="s1-t1" name="Deve poder cadastrar um novo dog walker" line="10">
<kw name="Start session" library="base" type="SETUP">
<kw name="New Browser" library="Browser">
<arg>browser=${BROWSER}</arg>
<arg>headless=False</arg>
<tag>BrowserControl</tag>
<tag>Setter</tag>
<doc>Create a new playwright Browser with specified options.</doc>
<msg timestamp="20231219 15:07:32.440" level="INFO">{"browser": "chromium", "headless": false, "chromiumSandbox": false, "devtools": false, "handleSIGHUP": true, "handleSIGINT": true, "handleSIGTERM": true, "slowMo": 0.0, "timeout": 30000.0, "tracesDir": "C:\\QAxx\\projects\\walkdog-robot\\logs\\browser\\traces\\b42f4e3c-3c4c-4aa8-9358-9368ec9c53ae"}</msg>
<msg timestamp="20231219 15:07:33.383" level="INFO">Successfully created browser with options: {"browser":"chromium","headless":false,"chromiumSandbox":false,"devtools":false,"handleSIGHUP":true,"handleSIGINT":true,"handleSIGTERM":true,"slowMo":0,"timeout":30000,"tracesDir":"C:\\QAxx\\projects\\walkdog-robot\\logs\\browser\\traces\\b42f4e3c-3c4c-4aa8-9358-9368ec9c53ae"}</msg>
<status status="PASS" starttime="20231219 15:07:32.438" endtime="20231219 15:07:33.383"/>
</kw>
<kw name="New Page" library="Browser">
<arg>https://walkdog.vercel.app</arg>
<tag>BrowserControl</tag>
<tag>Setter</tag>
<doc>Open a new Page.</doc>
<msg timestamp="20231219 15:07:34.769" level="INFO">Successfully initialized new page object and opened url: https://walkdog.vercel.app</msg>
<msg timestamp="20231219 15:07:34.769" level="INFO">No context was open. New context was automatically opened when this page is created.</msg>
<status status="PASS" starttime="20231219 15:07:33.384" endtime="20231219 15:07:34.769"/>
</kw>
<kw name="Wait For Elements State" library="Browser">
<arg>css=h1 &gt;&gt; text=Cuidado e diversão em cada passo</arg>
<arg>visible</arg>
<arg>5</arg>
<tag>PageContent</tag>
<tag>Wait</tag>
<doc>Waits for the element found by ``selector`` to satisfy state option.</doc>
<msg timestamp="20231219 15:07:34.850" level="INFO">Waited for Element with selector css=h1 &gt;&gt; text=Cuidado e diversão em cada passo at state visible</msg>
<status status="PASS" starttime="20231219 15:07:34.769" endtime="20231219 15:07:34.850"/>
</kw>
<status status="PASS" starttime="20231219 15:07:32.438" endtime="20231219 15:07:34.850"/>
</kw>
<kw name="Create Dictionary" library="BuiltIn">
<var>${dog_walker}</var>
<arg>name=Tamiris Silva</arg>
<arg>email=tamiressilva0954@gmail.com</arg>
<arg>cpf=00000014141</arg>
<arg>cep=44380970</arg>
<arg>number=1000</arg>
<arg>details=Apto 28</arg>
<arg>cnh=toretto.jpg</arg>
<doc>Creates and returns a dictionary based on the given ``items``.</doc>
<msg timestamp="20231219 15:07:34.851" level="INFO">${dog_walker} = {'name': 'Tamiris Silva', 'email': 'tamiressilva0954@gmail.com', 'cpf': '00000014141', 'cep': '44380970', 'number': '1000', 'details': 'Apto 28', 'cnh': 'toretto.jpg'}</msg>
<status status="PASS" starttime="20231219 15:07:34.850" endtime="20231219 15:07:34.851"/>
</kw>
<kw name="Go to signup page" library="signup">
<kw name="Click" library="Browser">
<arg>css=a[href="/signup"]</arg>
<tag>PageContent</tag>
<tag>Setter</tag>
<doc>Simulates mouse click on the element found by ``selector``.</doc>
<status status="PASS" starttime="20231219 15:07:34.852" endtime="20231219 15:07:34.990"/>
</kw>
<kw name="Wait For Elements State" library="Browser">
<arg>form h1</arg>
<arg>visible</arg>
<arg>5000</arg>
<tag>PageContent</tag>
<tag>Wait</tag>
<doc>Waits for the element found by ``selector`` to satisfy state option.</doc>
<msg timestamp="20231219 15:07:35.008" level="INFO">Waited for Element with selector form h1 at state visible</msg>
<status status="PASS" starttime="20231219 15:07:34.990" endtime="20231219 15:07:35.008"/>
</kw>
<kw name="Get Text" library="Browser">
<arg>form h1</arg>
<arg>equal</arg>
<arg>Faça seu cadastro</arg>
<tag>Assertion</tag>
<tag>Getter</tag>
<tag>PageContent</tag>
<doc>Returns text attribute of the element found by ``selector``.</doc>
<msg timestamp="20231219 15:07:35.087" level="INFO">Text: 'Faça seu cadastro'</msg>
<status status="PASS" starttime="20231219 15:07:35.009" endtime="20231219 15:07:35.087"/>
</kw>
<status status="PASS" starttime="20231219 15:07:34.852" endtime="20231219 15:07:35.087"/>
</kw>
<kw name="Fill to signup form" library="signup">
<arg>${dog_walker}</arg>
<kw name="Fill Text" library="Browser">
<arg>css=input[name=name]</arg>
<arg>${dog_walker}[name]</arg>
<tag>PageContent</tag>
<tag>Setter</tag>
<doc>Clears and fills the given ``txt`` into the text field found by ``selector``.</doc>
<msg timestamp="20231219 15:07:35.089" level="INFO">Fills the text 'Tamiris Silva' in the given field.</msg>
<status status="PASS" starttime="20231219 15:07:35.089" endtime="20231219 15:07:35.126"/>
</kw>
<kw name="Fill Text" library="Browser">
<arg>css=input[name=email]</arg>
<arg>${dog_walker}[email]</arg>
<tag>PageContent</tag>
<tag>Setter</tag>
<doc>Clears and fills the given ``txt`` into the text field found by ``selector``.</doc>
<msg timestamp="20231219 15:07:35.126" level="INFO">Fills the text 'tamiressilva0954@gmail.com' in the given field.</msg>
<status status="PASS" starttime="20231219 15:07:35.126" endtime="20231219 15:07:35.171"/>
</kw>
<kw name="Fill Text" library="Browser">
<arg>css=input[name=cpf]</arg>
<arg>${dog_walker}[cpf]</arg>
<tag>PageContent</tag>
<tag>Setter</tag>
<doc>Clears and fills the given ``txt`` into the text field found by ``selector``.</doc>
<msg timestamp="20231219 15:07:35.171" level="INFO">Fills the text '00000014141' in the given field.</msg>
<status status="PASS" starttime="20231219 15:07:35.171" endtime="20231219 15:07:35.205"/>
</kw>
<kw name="Fill Text" library="Browser">
<arg>css=input[name=cep]</arg>
<arg>${dog_walker}[cep]</arg>
<tag>PageContent</tag>
<tag>Setter</tag>
<doc>Clears and fills the given ``txt`` into the text field found by ``selector``.</doc>
<msg timestamp="20231219 15:07:35.206" level="INFO">Fills the text '44380970' in the given field.</msg>
<status status="PASS" starttime="20231219 15:07:35.206" endtime="20231219 15:07:35.241"/>
</kw>
<kw name="Click" library="Browser">
<arg>css=input[type=button][value$=CEP]</arg>
<tag>PageContent</tag>
<tag>Setter</tag>
<doc>Simulates mouse click on the element found by ``selector``.</doc>
<status status="PASS" starttime="20231219 15:07:35.242" endtime="20231219 15:07:35.296"/>
</kw>
<kw name="Fill Text" library="Browser">
<arg>css=input[name=addressNumber]</arg>
<arg>${dog_walker}[number]</arg>
<tag>PageContent</tag>
<tag>Setter</tag>
<doc>Clears and fills the given ``txt`` into the text field found by ``selector``.</doc>
<msg timestamp="20231219 15:07:35.297" level="INFO">Fills the text '1000' in the given field.</msg>
<status status="PASS" starttime="20231219 15:07:35.297" endtime="20231219 15:07:35.334"/>
</kw>
<kw name="Fill Text" library="Browser">
<arg>css=input[name=addressDetails]</arg>
<arg>${dog_walker}[details]</arg>
<tag>PageContent</tag>
<tag>Setter</tag>
<doc>Clears and fills the given ``txt`` into the text field found by ``selector``.</doc>
<msg timestamp="20231219 15:07:35.334" level="INFO">Fills the text 'Apto 28' in the given field.</msg>
<status status="PASS" starttime="20231219 15:07:35.334" endtime="20231219 15:07:35.363"/>
</kw>
<kw name="Upload File By Selector" library="Browser">
<arg>css=input[type=file]</arg>
<arg>${EXECDIR}/resources/fixtures/${dog_walker}[cnh]</arg>
<tag>PageContent</tag>
<tag>Setter</tag>
<doc>Uploads file from `path` to file input element matched by selector.</doc>
<status status="PASS" starttime="20231219 15:07:35.363" endtime="20231219 15:07:35.395"/>
</kw>
<status status="PASS" starttime="20231219 15:07:35.088" endtime="20231219 15:07:35.396"/>
</kw>
<kw name="Submit signup form" library="signup">
<kw name="Click" library="Browser">
<arg>css=.button-register</arg>
<tag>PageContent</tag>
<tag>Setter</tag>
<doc>Simulates mouse click on the element found by ``selector``.</doc>
<status status="PASS" starttime="20231219 15:07:35.396" endtime="20231219 15:07:35.450"/>
</kw>
<status status="PASS" starttime="20231219 15:07:35.396" endtime="20231219 15:07:35.450"/>
</kw>
<kw name="Poupup should be" library="signup">
<arg>Recebemos o seu cadastro e em breve retornaremos o contato.</arg>
<kw name="Wait For Elements State" library="Browser">
<arg>css=.swal2-html-container</arg>
<arg>visible</arg>
<tag>PageContent</tag>
<tag>Wait</tag>
<doc>Waits for the element found by ``selector`` to satisfy state option.</doc>
<msg timestamp="20231219 15:07:36.322" level="INFO">Waited for Element with selector css=.swal2-html-container at state visible</msg>
<status status="PASS" starttime="20231219 15:07:35.451" endtime="20231219 15:07:36.323"/>
</kw>
<kw name="Get Text" library="Browser">
<arg>css=.swal2-html-container</arg>
<arg>equal</arg>
<arg>${expected_text}</arg>
<tag>Assertion</tag>
<tag>Getter</tag>
<tag>PageContent</tag>
<doc>Returns text attribute of the element found by ``selector``.</doc>
<msg timestamp="20231219 15:07:36.388" level="INFO">Text: 'Recebemos o seu cadastro e em breve retornaremos o contato.'</msg>
<status status="PASS" starttime="20231219 15:07:36.324" endtime="20231219 15:07:36.388"/>
</kw>
<kw name="Take Screenshot" library="Browser">
<tag>PageContent</tag>
<doc>Takes a screenshot of the current window or element and saves it to disk.</doc>
<msg timestamp="20231219 15:07:36.702" level="INFO" html="true">&lt;/td&gt;&lt;/tr&gt;&lt;tr&gt;&lt;td colspan="3"&gt;&lt;a href="browser/screenshot/robotframework-browser-screenshot-1.png" target="_blank"&gt;&lt;img src="browser/screenshot/robotframework-browser-screenshot-1.png" width="800px"/&gt;&lt;/a&gt;</msg>
<status status="PASS" starttime="20231219 15:07:36.388" endtime="20231219 15:07:36.702"/>
</kw>
<status status="PASS" starttime="20231219 15:07:35.450" endtime="20231219 15:07:36.702"/>
</kw>
<kw name="Finish session" library="base" type="TEARDOWN">
<kw name="Take Screenshot" library="Browser">
<arg>fullPage=True</arg>
<tag>PageContent</tag>
<doc>Takes a screenshot of the current window or element and saves it to disk.</doc>
<msg timestamp="20231219 15:07:37.099" level="INFO" html="true">&lt;/td&gt;&lt;/tr&gt;&lt;tr&gt;&lt;td colspan="3"&gt;&lt;a href="browser/screenshot/robotframework-browser-screenshot-2.png" target="_blank"&gt;&lt;img src="browser/screenshot/robotframework-browser-screenshot-2.png" width="800px"/&gt;&lt;/a&gt;</msg>
<status status="PASS" starttime="20231219 15:07:36.704" endtime="20231219 15:07:37.100"/>
</kw>
<status status="PASS" starttime="20231219 15:07:36.703" endtime="20231219 15:07:37.100"/>
</kw>
<status status="PASS" starttime="20231219 15:07:32.427" endtime="20231219 15:07:37.100"/>
</test>
<test id="s1-t2" name="Não deve cadastrar se os campos obrigatórios não forem preenchidos" line="27">
<kw name="Start session" library="base" type="SETUP">
<kw name="New Browser" library="Browser">
<arg>browser=${BROWSER}</arg>
<arg>headless=False</arg>
<tag>BrowserControl</tag>
<tag>Setter</tag>
<doc>Create a new playwright Browser with specified options.</doc>
<msg timestamp="20231219 15:07:37.247" level="INFO">Switching browser to browser=6155d461-002b-4539-8206-f8bd2313e1c3</msg>
<msg timestamp="20231219 15:07:37.251" level="INFO">Successfully changed active browser: browser=6155d461-002b-4539-8206-f8bd2313e1c3</msg>
<msg timestamp="20231219 15:07:37.251" level="INFO">Reusing existing browser with id: browser=6155d461-002b-4539-8206-f8bd2313e1c3</msg>
<status status="PASS" starttime="20231219 15:07:37.246" endtime="20231219 15:07:37.252"/>
</kw>
<kw name="New Page" library="Browser">
<arg>https://walkdog.vercel.app</arg>
<tag>BrowserControl</tag>
<tag>Setter</tag>
<doc>Open a new Page.</doc>
<msg timestamp="20231219 15:07:38.857" level="INFO">Successfully initialized new page object and opened url: https://walkdog.vercel.app</msg>
<msg timestamp="20231219 15:07:38.857" level="INFO">No context was open. New context was automatically opened when this page is created.</msg>
<status status="PASS" starttime="20231219 15:07:37.253" endtime="20231219 15:07:38.857"/>
</kw>
<kw name="Wait For Elements State" library="Browser">
<arg>css=h1 &gt;&gt; text=Cuidado e diversão em cada passo</arg>
<arg>visible</arg>
<arg>5</arg>
<tag>PageContent</tag>
<tag>Wait</tag>
<doc>Waits for the element found by ``selector`` to satisfy state option.</doc>
<msg timestamp="20231219 15:07:38.954" level="INFO">Waited for Element with selector css=h1 &gt;&gt; text=Cuidado e diversão em cada passo at state visible</msg>
<status status="PASS" starttime="20231219 15:07:38.858" endtime="20231219 15:07:38.954"/>
</kw>
<status status="PASS" starttime="20231219 15:07:37.246" endtime="20231219 15:07:38.955"/>
</kw>
<kw name="Go to signup page" library="signup">
<kw name="Click" library="Browser">
<arg>css=a[href="/signup"]</arg>
<tag>PageContent</tag>
<tag>Setter</tag>
<doc>Simulates mouse click on the element found by ``selector``.</doc>
<status status="PASS" starttime="20231219 15:07:38.956" endtime="20231219 15:07:39.123"/>
</kw>
<kw name="Wait For Elements State" library="Browser">
<arg>form h1</arg>
<arg>visible</arg>
<arg>5000</arg>
<tag>PageContent</tag>
<tag>Wait</tag>
<doc>Waits for the element found by ``selector`` to satisfy state option.</doc>
<msg timestamp="20231219 15:07:39.151" level="INFO">Waited for Element with selector form h1 at state visible</msg>
<status status="PASS" starttime="20231219 15:07:39.124" endtime="20231219 15:07:39.152"/>
</kw>
<kw name="Get Text" library="Browser">
<arg>form h1</arg>
<arg>equal</arg>
<arg>Faça seu cadastro</arg>
<tag>Assertion</tag>
<tag>Getter</tag>
<tag>PageContent</tag>
<doc>Returns text attribute of the element found by ``selector``.</doc>
<msg timestamp="20231219 15:07:39.206" level="INFO">Text: 'Faça seu cadastro'</msg>
<status status="PASS" starttime="20231219 15:07:39.152" endtime="20231219 15:07:39.206"/>
</kw>
<status status="PASS" starttime="20231219 15:07:38.956" endtime="20231219 15:07:39.206"/>
</kw>
<kw name="Submit signup form" library="signup">
<kw name="Click" library="Browser">
<arg>css=.button-register</arg>
<tag>PageContent</tag>
<tag>Setter</tag>
<doc>Simulates mouse click on the element found by ``selector``.</doc>
<status status="PASS" starttime="20231219 15:07:39.207" endtime="20231219 15:07:39.268"/>
</kw>
<status status="PASS" starttime="20231219 15:07:39.207" endtime="20231219 15:07:39.268"/>
</kw>
<kw name="Alert should be" library="signup">
<arg>Informe o seu nome completo</arg>
<kw name="Wait For Elements State" library="Browser">
<arg>css=.alert-error &gt;&gt; text= ${expetecd_text}</arg>
<arg>visible</arg>
<arg>5</arg>
<tag>PageContent</tag>
<tag>Wait</tag>
<doc>Waits for the element found by ``selector`` to satisfy state option.</doc>
<msg timestamp="20231219 15:07:39.282" level="INFO">Waited for Element with selector css=.alert-error &gt;&gt; text= Informe o seu nome completo at state visible</msg>
<status status="PASS" starttime="20231219 15:07:39.269" endtime="20231219 15:07:39.282"/>
</kw>
<status status="PASS" starttime="20231219 15:07:39.269" endtime="20231219 15:07:39.282"/>
</kw>
<kw name="Alert should be" library="signup">
<arg>Informe o seu melhor email</arg>
<kw name="Wait For Elements State" library="Browser">
<arg>css=.alert-error &gt;&gt; text= ${expetecd_text}</arg>
<arg>visible</arg>
<arg>5</arg>
<tag>PageContent</tag>
<tag>Wait</tag>
<doc>Waits for the element found by ``selector`` to satisfy state option.</doc>
<msg timestamp="20231219 15:07:39.296" level="INFO">Waited for Element with selector css=.alert-error &gt;&gt; text= Informe o seu melhor email at state visible</msg>
<status status="PASS" starttime="20231219 15:07:39.287" endtime="20231219 15:07:39.297"/>
</kw>
<status status="PASS" starttime="20231219 15:07:39.286" endtime="20231219 15:07:39.297"/>
</kw>
<kw name="Alert should be" library="signup">
<arg>Informe o seu CPF</arg>
<kw name="Wait For Elements State" library="Browser">
<arg>css=.alert-error &gt;&gt; text= ${expetecd_text}</arg>
<arg>visible</arg>
<arg>5</arg>
<tag>PageContent</tag>
<tag>Wait</tag>
<doc>Waits for the element found by ``selector`` to satisfy state option.</doc>
<msg timestamp="20231219 15:07:39.308" level="INFO">Waited for Element with selector css=.alert-error &gt;&gt; text= Informe o seu CPF at state visible</msg>
<status status="PASS" starttime="20231219 15:07:39.298" endtime="20231219 15:07:39.309"/>
</kw>
<status status="PASS" starttime="20231219 15:07:39.297" endtime="20231219 15:07:39.309"/>
</kw>
<kw name="Alert should be" library="signup">
<arg>Informe o seu CEP</arg>
<kw name="Wait For Elements State" library="Browser">
<arg>css=.alert-error &gt;&gt; text= ${expetecd_text}</arg>
<arg>visible</arg>
<arg>5</arg>
<tag>PageContent</tag>
<tag>Wait</tag>
<doc>Waits for the element found by ``selector`` to satisfy state option.</doc>
<msg timestamp="20231219 15:07:39.324" level="INFO">Waited for Element with selector css=.alert-error &gt;&gt; text= Informe o seu CEP at state visible</msg>
<status status="PASS" starttime="20231219 15:07:39.312" endtime="20231219 15:07:39.325"/>
</kw>
<status status="PASS" starttime="20231219 15:07:39.311" endtime="20231219 15:07:39.326"/>
</kw>
<kw name="Alert should be" library="signup">
<arg>Informe um número maior que zero</arg>
<kw name="Wait For Elements State" library="Browser">
<arg>css=.alert-error &gt;&gt; text= ${expetecd_text}</arg>
<arg>visible</arg>
<arg>5</arg>
<tag>PageContent</tag>
<tag>Wait</tag>
<doc>Waits for the element found by ``selector`` to satisfy state option.</doc>
<msg timestamp="20231219 15:07:39.338" level="INFO">Waited for Element with selector css=.alert-error &gt;&gt; text= Informe um número maior que zero at state visible</msg>
<status status="PASS" starttime="20231219 15:07:39.327" endtime="20231219 15:07:39.338"/>
</kw>
<status status="PASS" starttime="20231219 15:07:39.326" endtime="20231219 15:07:39.339"/>
</kw>
<kw name="Alert should be" library="signup">
<arg>Adcione um documento com foto (RG ou CHN)</arg>
<kw name="Wait For Elements State" library="Browser">
<arg>css=.alert-error &gt;&gt; text= ${expetecd_text}</arg>
<arg>visible</arg>
<arg>5</arg>
<tag>PageContent</tag>
<tag>Wait</tag>
<doc>Waits for the element found by ``selector`` to satisfy state option.</doc>
<msg timestamp="20231219 15:07:39.354" level="INFO">Waited for Element with selector css=.alert-error &gt;&gt; text= Adcione um documento com foto (RG ou CHN) at state visible</msg>
<status status="PASS" starttime="20231219 15:07:39.340" endtime="20231219 15:07:39.354"/>
</kw>
<status status="PASS" starttime="20231219 15:07:39.339" endtime="20231219 15:07:39.354"/>
</kw>
<kw name="Finish session" library="base" type="TEARDOWN">
<kw name="Take Screenshot" library="Browser">
<arg>fullPage=True</arg>
<tag>PageContent</tag>
<doc>Takes a screenshot of the current window or element and saves it to disk.</doc>
<msg timestamp="20231219 15:07:39.733" level="INFO" html="true">&lt;/td&gt;&lt;/tr&gt;&lt;tr&gt;&lt;td colspan="3"&gt;&lt;a href="browser/screenshot/robotframework-browser-screenshot-3.png" target="_blank"&gt;&lt;img src="browser/screenshot/robotframework-browser-screenshot-3.png" width="800px"/&gt;&lt;/a&gt;</msg>
<status status="PASS" starttime="20231219 15:07:39.355" endtime="20231219 15:07:39.733"/>
</kw>
<status status="PASS" starttime="20231219 15:07:39.355" endtime="20231219 15:07:39.733"/>
</kw>
<tag>required</tag>
<status status="PASS" starttime="20231219 15:07:37.235" endtime="20231219 15:07:39.733"/>
</test>
<test id="s1-t3" name="Não deve cadastrar se o CPF for incorreto" line="41">
<kw name="Start session" library="base" type="SETUP">
<kw name="New Browser" library="Browser">
<arg>browser=${BROWSER}</arg>
<arg>headless=False</arg>
<tag>BrowserControl</tag>
<tag>Setter</tag>
<doc>Create a new playwright Browser with specified options.</doc>
<msg timestamp="20231219 15:07:39.857" level="INFO">Switching browser to browser=6155d461-002b-4539-8206-f8bd2313e1c3</msg>
<msg timestamp="20231219 15:07:39.863" level="INFO">Successfully changed active browser: browser=6155d461-002b-4539-8206-f8bd2313e1c3</msg>
<msg timestamp="20231219 15:07:39.863" level="INFO">Reusing existing browser with id: browser=6155d461-002b-4539-8206-f8bd2313e1c3</msg>
<status status="PASS" starttime="20231219 15:07:39.856" endtime="20231219 15:07:39.863"/>
</kw>
<kw name="New Page" library="Browser">
<arg>https://walkdog.vercel.app</arg>
<tag>BrowserControl</tag>
<tag>Setter</tag>
<doc>Open a new Page.</doc>
<msg timestamp="20231219 15:07:41.024" level="INFO">Successfully initialized new page object and opened url: https://walkdog.vercel.app</msg>
<msg timestamp="20231219 15:07:41.024" level="INFO">No context was open. New context was automatically opened when this page is created.</msg>
<status status="PASS" starttime="20231219 15:07:39.864" endtime="20231219 15:07:41.024"/>
</kw>
<kw name="Wait For Elements State" library="Browser">
<arg>css=h1 &gt;&gt; text=Cuidado e diversão em cada passo</arg>
<arg>visible</arg>
<arg>5</arg>
<tag>PageContent</tag>
<tag>Wait</tag>
<doc>Waits for the element found by ``selector`` to satisfy state option.</doc>
<msg timestamp="20231219 15:07:41.101" level="INFO">Waited for Element with selector css=h1 &gt;&gt; text=Cuidado e diversão em cada passo at state visible</msg>
<status status="PASS" starttime="20231219 15:07:41.025" endtime="20231219 15:07:41.101"/>
</kw>
<status status="PASS" starttime="20231219 15:07:39.855" endtime="20231219 15:07:41.101"/>
</kw>
<kw name="Create Dictionary" library="BuiltIn">
<var>${dog_walker}</var>
<arg>name=Tamiris Silva</arg>
<arg>email=tamiressilva0954@gmail.com</arg>
<arg>cpf=00000014141aa</arg>
<arg>cep=44380970</arg>
<arg>number=1000</arg>
<arg>details=Apto 28</arg>
<arg>cnh=toretto.jpg</arg>
<doc>Creates and returns a dictionary based on the given ``items``.</doc>
<msg timestamp="20231219 15:07:41.102" level="INFO">${dog_walker} = {'name': 'Tamiris Silva', 'email': 'tamiressilva0954@gmail.com', 'cpf': '00000014141aa', 'cep': '44380970', 'number': '1000', 'details': 'Apto 28', 'cnh': 'toretto.jpg'}</msg>
<status status="PASS" starttime="20231219 15:07:41.102" endtime="20231219 15:07:41.102"/>
</kw>
<kw name="Go to signup page" library="signup">
<kw name="Click" library="Browser">
<arg>css=a[href="/signup"]</arg>
<tag>PageContent</tag>
<tag>Setter</tag>
<doc>Simulates mouse click on the element found by ``selector``.</doc>
<status status="PASS" starttime="20231219 15:07:41.103" endtime="20231219 15:07:41.240"/>
</kw>
<kw name="Wait For Elements State" library="Browser">
<arg>form h1</arg>
<arg>visible</arg>
<arg>5000</arg>
<tag>PageContent</tag>
<tag>Wait</tag>
<doc>Waits for the element found by ``selector`` to satisfy state option.</doc>
<msg timestamp="20231219 15:07:41.267" level="INFO">Waited for Element with selector form h1 at state visible</msg>
<status status="PASS" starttime="20231219 15:07:41.241" endtime="20231219 15:07:41.267"/>
</kw>
<kw name="Get Text" library="Browser">
<arg>form h1</arg>
<arg>equal</arg>
<arg>Faça seu cadastro</arg>
<tag>Assertion</tag>
<tag>Getter</tag>
<tag>PageContent</tag>
<doc>Returns text attribute of the element found by ``selector``.</doc>
<msg timestamp="20231219 15:07:41.328" level="INFO">Text: 'Faça seu cadastro'</msg>
<status status="PASS" starttime="20231219 15:07:41.268" endtime="20231219 15:07:41.328"/>
</kw>
<status status="PASS" starttime="20231219 15:07:41.103" endtime="20231219 15:07:41.328"/>
</kw>
<kw name="Fill to signup form" library="signup">
<arg>${dog_walker}</arg>
<kw name="Fill Text" library="Browser">
<arg>css=input[name=name]</arg>
<arg>${dog_walker}[name]</arg>
<tag>PageContent</tag>
<tag>Setter</tag>
<doc>Clears and fills the given ``txt`` into the text field found by ``selector``.</doc>
<msg timestamp="20231219 15:07:41.330" level="INFO">Fills the text 'Tamiris Silva' in the given field.</msg>
<status status="PASS" starttime="20231219 15:07:41.330" endtime="20231219 15:07:41.367"/>
</kw>
<kw name="Fill Text" library="Browser">
<arg>css=input[name=email]</arg>
<arg>${dog_walker}[email]</arg>
<tag>PageContent</tag>
<tag>Setter</tag>
<doc>Clears and fills the given ``txt`` into the text field found by ``selector``.</doc>
<msg timestamp="20231219 15:07:41.367" level="INFO">Fills the text 'tamiressilva0954@gmail.com' in the given field.</msg>
<status status="PASS" starttime="20231219 15:07:41.367" endtime="20231219 15:07:41.405"/>
</kw>
<kw name="Fill Text" library="Browser">
<arg>css=input[name=cpf]</arg>
<arg>${dog_walker}[cpf]</arg>
<tag>PageContent</tag>
<tag>Setter</tag>
<doc>Clears and fills the given ``txt`` into the text field found by ``selector``.</doc>
<msg timestamp="20231219 15:07:41.406" level="INFO">Fills the text '00000014141aa' in the given field.</msg>
<status status="PASS" starttime="20231219 15:07:41.406" endtime="20231219 15:07:41.438"/>
</kw>
<kw name="Fill Text" library="Browser">
<arg>css=input[name=cep]</arg>
<arg>${dog_walker}[cep]</arg>
<tag>PageContent</tag>
<tag>Setter</tag>
<doc>Clears and fills the given ``txt`` into the text field found by ``selector``.</doc>
<msg timestamp="20231219 15:07:41.439" level="INFO">Fills the text '44380970' in the given field.</msg>
<status status="PASS" starttime="20231219 15:07:41.438" endtime="20231219 15:07:41.472"/>
</kw>
<kw name="Click" library="Browser">
<arg>css=input[type=button][value$=CEP]</arg>
<tag>PageContent</tag>
<tag>Setter</tag>
<doc>Simulates mouse click on the element found by ``selector``.</doc>
<status status="PASS" starttime="20231219 15:07:41.472" endtime="20231219 15:07:41.539"/>
</kw>
<kw name="Fill Text" library="Browser">
<arg>css=input[name=addressNumber]</arg>
<arg>${dog_walker}[number]</arg>
<tag>PageContent</tag>
<tag>Setter</tag>
<doc>Clears and fills the given ``txt`` into the text field found by ``selector``.</doc>
<msg timestamp="20231219 15:07:41.540" level="INFO">Fills the text '1000' in the given field.</msg>
<status status="PASS" starttime="20231219 15:07:41.540" endtime="20231219 15:07:41.572"/>
</kw>
<kw name="Fill Text" library="Browser">
<arg>css=input[name=addressDetails]</arg>
<arg>${dog_walker}[details]</arg>
<tag>PageContent</tag>
<tag>Setter</tag>
<doc>Clears and fills the given ``txt`` into the text field found by ``selector``.</doc>
<msg timestamp="20231219 15:07:41.573" level="INFO">Fills the text 'Apto 28' in the given field.</msg>
<status status="PASS" starttime="20231219 15:07:41.573" endtime="20231219 15:07:41.606"/>
</kw>
<kw name="Upload File By Selector" library="Browser">
<arg>css=input[type=file]</arg>
<arg>${EXECDIR}/resources/fixtures/${dog_walker}[cnh]</arg>
<tag>PageContent</tag>
<tag>Setter</tag>
<doc>Uploads file from `path` to file input element matched by selector.</doc>
<status status="PASS" starttime="20231219 15:07:41.606" endtime="20231219 15:07:41.637"/>
</kw>
<status status="PASS" starttime="20231219 15:07:41.329" endtime="20231219 15:07:41.637"/>
</kw>
<kw name="Submit signup form" library="signup">
<kw name="Click" library="Browser">
<arg>css=.button-register</arg>
<tag>PageContent</tag>
<tag>Setter</tag>
<doc>Simulates mouse click on the element found by ``selector``.</doc>
<status status="PASS" starttime="20231219 15:07:41.639" endtime="20231219 15:07:41.744"/>
</kw>
<status status="PASS" starttime="20231219 15:07:41.638" endtime="20231219 15:07:41.744"/>
</kw>
<kw name="Alert should be" library="signup">
<arg>CPF inválido</arg>
<kw name="Wait For Elements State" library="Browser">
<arg>css=.alert-error &gt;&gt; text= ${expetecd_text}</arg>
<arg>visible</arg>
<arg>5</arg>
<tag>PageContent</tag>
<tag>Wait</tag>
<doc>Waits for the element found by ``selector`` to satisfy state option.</doc>
<msg timestamp="20231219 15:07:41.757" level="INFO">Waited for Element with selector css=.alert-error &gt;&gt; text= CPF inválido at state visible</msg>
<status status="PASS" starttime="20231219 15:07:41.745" endtime="20231219 15:07:41.757"/>
</kw>
<status status="PASS" starttime="20231219 15:07:41.745" endtime="20231219 15:07:41.757"/>
</kw>
<kw name="Finish session" library="base" type="TEARDOWN">
<kw name="Take Screenshot" library="Browser">
<arg>fullPage=True</arg>
<tag>PageContent</tag>
<doc>Takes a screenshot of the current window or element and saves it to disk.</doc>
<msg timestamp="20231219 15:07:42.171" level="INFO" html="true">&lt;/td&gt;&lt;/tr&gt;&lt;tr&gt;&lt;td colspan="3"&gt;&lt;a href="browser/screenshot/robotframework-browser-screenshot-4.png" target="_blank"&gt;&lt;img src="browser/screenshot/robotframework-browser-screenshot-4.png" width="800px"/&gt;&lt;/a&gt;</msg>
<status status="PASS" starttime="20231219 15:07:41.759" endtime="20231219 15:07:42.171"/>
</kw>
<status status="PASS" starttime="20231219 15:07:41.759" endtime="20231219 15:07:42.171"/>
</kw>
<tag>cpf_inv</tag>
<status status="PASS" starttime="20231219 15:07:39.847" endtime="20231219 15:07:42.172"/>
</test>
<test id="s1-t4" name="Deve poder cadastrar um novo dog walker que sabe cuidar de pets" line="58">
<kw name="Start session" library="base" type="SETUP">
<kw name="New Browser" library="Browser">
<arg>browser=${BROWSER}</arg>
<arg>headless=False</arg>
<tag>BrowserControl</tag>
<tag>Setter</tag>
<doc>Create a new playwright Browser with specified options.</doc>
<msg timestamp="20231219 15:07:42.305" level="INFO">Switching browser to browser=6155d461-002b-4539-8206-f8bd2313e1c3</msg>
<msg timestamp="20231219 15:07:42.309" level="INFO">Successfully changed active browser: browser=6155d461-002b-4539-8206-f8bd2313e1c3</msg>
<msg timestamp="20231219 15:07:42.309" level="INFO">Reusing existing browser with id: browser=6155d461-002b-4539-8206-f8bd2313e1c3</msg>
<status status="PASS" starttime="20231219 15:07:42.304" endtime="20231219 15:07:42.309"/>
</kw>
<kw name="New Page" library="Browser">
<arg>https://walkdog.vercel.app</arg>
<tag>BrowserControl</tag>
<tag>Setter</tag>
<doc>Open a new Page.</doc>
<msg timestamp="20231219 15:07:43.880" level="INFO">Successfully initialized new page object and opened url: https://walkdog.vercel.app</msg>
<msg timestamp="20231219 15:07:43.880" level="INFO">No context was open. New context was automatically opened when this page is created.</msg>
<status status="PASS" starttime="20231219 15:07:42.310" endtime="20231219 15:07:43.881"/>
</kw>
<kw name="Wait For Elements State" library="Browser">
<arg>css=h1 &gt;&gt; text=Cuidado e diversão em cada passo</arg>
<arg>visible</arg>
<arg>5</arg>
<tag>PageContent</tag>
<tag>Wait</tag>
<doc>Waits for the element found by ``selector`` to satisfy state option.</doc>
<msg timestamp="20231219 15:07:43.934" level="INFO">Waited for Element with selector css=h1 &gt;&gt; text=Cuidado e diversão em cada passo at state visible</msg>
<status status="PASS" starttime="20231219 15:07:43.881" endtime="20231219 15:07:43.934"/>
</kw>
<status status="PASS" starttime="20231219 15:07:42.303" endtime="20231219 15:07:43.935"/>
</kw>
<kw name="Create Dictionary" library="BuiltIn">
<var>${dog_walker}</var>
<arg>name=Tamiris Silva</arg>
<arg>email=tamiressilva0954@gmail.com</arg>
<arg>cpf=00000014141</arg>
<arg>cep=44380970</arg>
<arg>number=1000</arg>
<arg>details=Apto 28</arg>
<arg>cnh=toretto.jpg</arg>
<doc>Creates and returns a dictionary based on the given ``items``.</doc>
<msg timestamp="20231219 15:07:43.936" level="INFO">${dog_walker} = {'name': 'Tamiris Silva', 'email': 'tamiressilva0954@gmail.com', 'cpf': '00000014141', 'cep': '44380970', 'number': '1000', 'details': 'Apto 28', 'cnh': 'toretto.jpg'}</msg>
<status status="PASS" starttime="20231219 15:07:43.935" endtime="20231219 15:07:43.936"/>
</kw>
<kw name="Go to signup page" library="signup">
<kw name="Click" library="Browser">
<arg>css=a[href="/signup"]</arg>
<tag>PageContent</tag>
<tag>Setter</tag>
<doc>Simulates mouse click on the element found by ``selector``.</doc>
<status status="PASS" starttime="20231219 15:07:43.937" endtime="20231219 15:07:44.075"/>
</kw>
<kw name="Wait For Elements State" library="Browser">
<arg>form h1</arg>
<arg>visible</arg>
<arg>5000</arg>
<tag>PageContent</tag>
<tag>Wait</tag>
<doc>Waits for the element found by ``selector`` to satisfy state option.</doc>
<msg timestamp="20231219 15:07:44.097" level="INFO">Waited for Element with selector form h1 at state visible</msg>
<status status="PASS" starttime="20231219 15:07:44.076" endtime="20231219 15:07:44.097"/>
</kw>
<kw name="Get Text" library="Browser">
<arg>form h1</arg>
<arg>equal</arg>
<arg>Faça seu cadastro</arg>
<tag>Assertion</tag>
<tag>Getter</tag>
<tag>PageContent</tag>
<doc>Returns text attribute of the element found by ``selector``.</doc>
<msg timestamp="20231219 15:07:44.153" level="INFO">Text: 'Faça seu cadastro'</msg>
<status status="PASS" starttime="20231219 15:07:44.098" endtime="20231219 15:07:44.154"/>
</kw>
<status status="PASS" starttime="20231219 15:07:43.937" endtime="20231219 15:07:44.154"/>
</kw>
<kw name="Fill to signup form" library="signup">
<arg>${dog_walker}</arg>
<kw name="Fill Text" library="Browser">
<arg>css=input[name=name]</arg>
<arg>${dog_walker}[name]</arg>
<tag>PageContent</tag>
<tag>Setter</tag>
<doc>Clears and fills the given ``txt`` into the text field found by ``selector``.</doc>
<msg timestamp="20231219 15:07:44.155" level="INFO">Fills the text 'Tamiris Silva' in the given field.</msg>
<status status="PASS" starttime="20231219 15:07:44.155" endtime="20231219 15:07:44.203"/>
</kw>
<kw name="Fill Text" library="Browser">
<arg>css=input[name=email]</arg>
<arg>${dog_walker}[email]</arg>
<tag>PageContent</tag>
<tag>Setter</tag>
<doc>Clears and fills the given ``txt`` into the text field found by ``selector``.</doc>
<msg timestamp="20231219 15:07:44.204" level="INFO">Fills the text 'tamiressilva0954@gmail.com' in the given field.</msg>
<status status="PASS" starttime="20231219 15:07:44.204" endtime="20231219 15:07:44.236"/>
</kw>
<kw name="Fill Text" library="Browser">
<arg>css=input[name=cpf]</arg>
<arg>${dog_walker}[cpf]</arg>
<tag>PageContent</tag>
<tag>Setter</tag>
<doc>Clears and fills the given ``txt`` into the text field found by ``selector``.</doc>
<msg timestamp="20231219 15:07:44.237" level="INFO">Fills the text '00000014141' in the given field.</msg>
<status status="PASS" starttime="20231219 15:07:44.236" endtime="20231219 15:07:44.267"/>
</kw>
<kw name="Fill Text" library="Browser">
<arg>css=input[name=cep]</arg>
<arg>${dog_walker}[cep]</arg>
<tag>PageContent</tag>
<tag>Setter</tag>
<doc>Clears and fills the given ``txt`` into the text field found by ``selector``.</doc>
<msg timestamp="20231219 15:07:44.268" level="INFO">Fills the text '44380970' in the given field.</msg>
<status status="PASS" starttime="20231219 15:07:44.267" endtime="20231219 15:07:44.299"/>
</kw>
<kw name="Click" library="Browser">
<arg>css=input[type=button][value$=CEP]</arg>
<tag>PageContent</tag>
<tag>Setter</tag>
<doc>Simulates mouse click on the element found by ``selector``.</doc>
<status status="PASS" starttime="20231219 15:07:44.299" endtime="20231219 15:07:44.359"/>
</kw>
<kw name="Fill Text" library="Browser">
<arg>css=input[name=addressNumber]</arg>
<arg>${dog_walker}[number]</arg>
<tag>PageContent</tag>
<tag>Setter</tag>
<doc>Clears and fills the given ``txt`` into the text field found by ``selector``.</doc>
<msg timestamp="20231219 15:07:44.360" level="INFO">Fills the text '1000' in the given field.</msg>
<status status="PASS" starttime="20231219 15:07:44.359" endtime="20231219 15:07:44.392"/>
</kw>
<kw name="Fill Text" library="Browser">
<arg>css=input[name=addressDetails]</arg>
<arg>${dog_walker}[details]</arg>
<tag>PageContent</tag>
<tag>Setter</tag>
<doc>Clears and fills the given ``txt`` into the text field found by ``selector``.</doc>
<msg timestamp="20231219 15:07:44.393" level="INFO">Fills the text 'Apto 28' in the given field.</msg>
<status status="PASS" starttime="20231219 15:07:44.393" endtime="20231219 15:07:44.430"/>
</kw>
<kw name="Upload File By Selector" library="Browser">
<arg>css=input[type=file]</arg>
<arg>${EXECDIR}/resources/fixtures/${dog_walker}[cnh]</arg>
<tag>PageContent</tag>
<tag>Setter</tag>
<doc>Uploads file from `path` to file input element matched by selector.</doc>
<status status="PASS" starttime="20231219 15:07:44.431" endtime="20231219 15:07:44.460"/>
</kw>
<status status="PASS" starttime="20231219 15:07:44.154" endtime="20231219 15:07:44.461"/>
</kw>
<kw name="Additional Service" library="signup">
<arg>Cuidar</arg>
<kw name="Click" library="Browser">
<arg>xpath=//span[text()="${additional_service}"]/..</arg>
<tag>PageContent</tag>
<tag>Setter</tag>
<doc>Simulates mouse click on the element found by ``selector``.</doc>
<status status="PASS" starttime="20231219 15:07:44.462" endtime="20231219 15:07:44.513"/>
</kw>
<status status="PASS" starttime="20231219 15:07:44.462" endtime="20231219 15:07:44.513"/>
</kw>
<kw name="Submit signup form" library="signup">
<kw name="Click" library="Browser">
<arg>css=.button-register</arg>
<tag>PageContent</tag>
<tag>Setter</tag>
<doc>Simulates mouse click on the element found by ``selector``.</doc>
<status status="PASS" starttime="20231219 15:07:44.514" endtime="20231219 15:07:44.575"/>
</kw>
<status status="PASS" starttime="20231219 15:07:44.514" endtime="20231219 15:07:44.575"/>
</kw>
<kw name="Poupup should be" library="signup">
<arg>Recebemos o seu cadastro e em breve retornaremos o contato.</arg>
<kw name="Wait For Elements State" library="Browser">
<arg>css=.swal2-html-container</arg>
<arg>visible</arg>
<tag>PageContent</tag>
<tag>Wait</tag>
<doc>Waits for the element found by ``selector`` to satisfy state option.</doc>
<msg timestamp="20231219 15:07:45.461" level="INFO">Waited for Element with selector css=.swal2-html-container at state visible</msg>
<status status="PASS" starttime="20231219 15:07:44.576" endtime="20231219 15:07:45.461"/>
</kw>
<kw name="Get Text" library="Browser">
<arg>css=.swal2-html-container</arg>
<arg>equal</arg>
<arg>${expected_text}</arg>
<tag>Assertion</tag>
<tag>Getter</tag>
<tag>PageContent</tag>
<doc>Returns text attribute of the element found by ``selector``.</doc>
<msg timestamp="20231219 15:07:45.585" level="INFO">Text: 'Recebemos o seu cadastro e em breve retornaremos o contato.'</msg>
<status status="PASS" starttime="20231219 15:07:45.462" endtime="20231219 15:07:45.586"/>
</kw>
<kw name="Take Screenshot" library="Browser">
<tag>PageContent</tag>
<doc>Takes a screenshot of the current window or element and saves it to disk.</doc>
<msg timestamp="20231219 15:07:45.862" level="INFO" html="true">&lt;/td&gt;&lt;/tr&gt;&lt;tr&gt;&lt;td colspan="3"&gt;&lt;a href="browser/screenshot/robotframework-browser-screenshot-5.png" target="_blank"&gt;&lt;img src="browser/screenshot/robotframework-browser-screenshot-5.png" width="800px"/&gt;&lt;/a&gt;</msg>
<status status="PASS" starttime="20231219 15:07:45.586" endtime="20231219 15:07:45.862"/>
</kw>
<status status="PASS" starttime="20231219 15:07:44.576" endtime="20231219 15:07:45.862"/>
</kw>
<kw name="Finish session" library="base" type="TEARDOWN">
<kw name="Take Screenshot" library="Browser">
<arg>fullPage=True</arg>
<tag>PageContent</tag>
<doc>Takes a screenshot of the current window or element and saves it to disk.</doc>
<msg timestamp="20231219 15:07:46.233" level="INFO" html="true">&lt;/td&gt;&lt;/tr&gt;&lt;tr&gt;&lt;td colspan="3"&gt;&lt;a href="browser/screenshot/robotframework-browser-screenshot-6.png" target="_blank"&gt;&lt;img src="browser/screenshot/robotframework-browser-screenshot-6.png" width="800px"/&gt;&lt;/a&gt;</msg>
<status status="PASS" starttime="20231219 15:07:45.864" endtime="20231219 15:07:46.234"/>
</kw>
<status status="PASS" starttime="20231219 15:07:45.863" endtime="20231219 15:07:46.234"/>
</kw>
<tag>aservice</tag>
<status status="PASS" starttime="20231219 15:07:42.290" endtime="20231219 15:07:46.235"/>
</test>
<test id="s1-t5" name="Deve poder cadastrar um novo dog walker que sabe adestrar pets" line="75">
<kw name="Start session" library="base" type="SETUP">
<kw name="New Browser" library="Browser">
<arg>browser=${BROWSER}</arg>
<arg>headless=False</arg>
<tag>BrowserControl</tag>
<tag>Setter</tag>
<doc>Create a new playwright Browser with specified options.</doc>
<msg timestamp="20231219 15:07:46.367" level="INFO">Switching browser to browser=6155d461-002b-4539-8206-f8bd2313e1c3</msg>
<msg timestamp="20231219 15:07:46.370" level="INFO">Successfully changed active browser: browser=6155d461-002b-4539-8206-f8bd2313e1c3</msg>
<msg timestamp="20231219 15:07:46.371" level="INFO">Reusing existing browser with id: browser=6155d461-002b-4539-8206-f8bd2313e1c3</msg>
<status status="PASS" starttime="20231219 15:07:46.367" endtime="20231219 15:07:46.371"/>
</kw>
<kw name="New Page" library="Browser">
<arg>https://walkdog.vercel.app</arg>
<tag>BrowserControl</tag>
<tag>Setter</tag>
<doc>Open a new Page.</doc>
<msg timestamp="20231219 15:07:47.734" level="INFO">Successfully initialized new page object and opened url: https://walkdog.vercel.app</msg>
<msg timestamp="20231219 15:07:47.734" level="INFO">No context was open. New context was automatically opened when this page is created.</msg>
<status status="PASS" starttime="20231219 15:07:46.371" endtime="20231219 15:07:47.734"/>
</kw>
<kw name="Wait For Elements State" library="Browser">
<arg>css=h1 &gt;&gt; text=Cuidado e diversão em cada passo</arg>
<arg>visible</arg>
<arg>5</arg>
<tag>PageContent</tag>
<tag>Wait</tag>
<doc>Waits for the element found by ``selector`` to satisfy state option.</doc>
<msg timestamp="20231219 15:07:47.797" level="INFO">Waited for Element with selector css=h1 &gt;&gt; text=Cuidado e diversão em cada passo at state visible</msg>
<status status="PASS" starttime="20231219 15:07:47.735" endtime="20231219 15:07:47.797"/>
</kw>
<status status="PASS" starttime="20231219 15:07:46.366" endtime="20231219 15:07:47.797"/>
</kw>
<kw name="Create Dictionary" library="BuiltIn">
<var>${dog_walker}</var>
<arg>name=Tamiris Silva</arg>
<arg>email=tamiressilva0954@gmail.com</arg>
<arg>cpf=00000014141</arg>
<arg>cep=44380970</arg>
<arg>number=1000</arg>
<arg>details=Apto 28</arg>
<arg>cnh=toretto.jpg</arg>
<doc>Creates and returns a dictionary based on the given ``items``.</doc>
<msg timestamp="20231219 15:07:47.798" level="INFO">${dog_walker} = {'name': 'Tamiris Silva', 'email': 'tamiressilva0954@gmail.com', 'cpf': '00000014141', 'cep': '44380970', 'number': '1000', 'details': 'Apto 28', 'cnh': 'toretto.jpg'}</msg>
<status status="PASS" starttime="20231219 15:07:47.798" endtime="20231219 15:07:47.798"/>
</kw>
<kw name="Go to signup page" library="signup">
<kw name="Click" library="Browser">
<arg>css=a[href="/signup"]</arg>
<tag>PageContent</tag>
<tag>Setter</tag>
<doc>Simulates mouse click on the element found by ``selector``.</doc>
<status status="PASS" starttime="20231219 15:07:47.799" endtime="20231219 15:07:47.920"/>
</kw>
<kw name="Wait For Elements State" library="Browser">
<arg>form h1</arg>
<arg>visible</arg>
<arg>5000</arg>
<tag>PageContent</tag>
<tag>Wait</tag>
<doc>Waits for the element found by ``selector`` to satisfy state option.</doc>
<msg timestamp="20231219 15:07:47.937" level="INFO">Waited for Element with selector form h1 at state visible</msg>
<status status="PASS" starttime="20231219 15:07:47.921" endtime="20231219 15:07:47.937"/>
</kw>
<kw name="Get Text" library="Browser">
<arg>form h1</arg>
<arg>equal</arg>
<arg>Faça seu cadastro</arg>
<tag>Assertion</tag>
<tag>Getter</tag>
<tag>PageContent</tag>
<doc>Returns text attribute of the element found by ``selector``.</doc>
<msg timestamp="20231219 15:07:48.002" level="INFO">Text: 'Faça seu cadastro'</msg>
<status status="PASS" starttime="20231219 15:07:47.937" endtime="20231219 15:07:48.002"/>
</kw>
<status status="PASS" starttime="20231219 15:07:47.798" endtime="20231219 15:07:48.002"/>
</kw>
<kw name="Fill to signup form" library="signup">
<arg>${dog_walker}</arg>
<kw name="Fill Text" library="Browser">
<arg>css=input[name=name]</arg>
<arg>${dog_walker}[name]</arg>
<tag>PageContent</tag>
<tag>Setter</tag>
<doc>Clears and fills the given ``txt`` into the text field found by ``selector``.</doc>
<msg timestamp="20231219 15:07:48.004" level="INFO">Fills the text 'Tamiris Silva' in the given field.</msg>
<status status="PASS" starttime="20231219 15:07:48.003" endtime="20231219 15:07:48.051"/>
</kw>
<kw name="Fill Text" library="Browser">
<arg>css=input[name=email]</arg>
<arg>${dog_walker}[email]</arg>
<tag>PageContent</tag>
<tag>Setter</tag>
<doc>Clears and fills the given ``txt`` into the text field found by ``selector``.</doc>
<msg timestamp="20231219 15:07:48.051" level="INFO">Fills the text 'tamiressilva0954@gmail.com' in the given field.</msg>
<status status="PASS" starttime="20231219 15:07:48.051" endtime="20231219 15:07:48.086"/>
</kw>
<kw name="Fill Text" library="Browser">
<arg>css=input[name=cpf]</arg>
<arg>${dog_walker}[cpf]</arg>
<tag>PageContent</tag>
<tag>Setter</tag>
<doc>Clears and fills the given ``txt`` into the text field found by ``selector``.</doc>
<msg timestamp="20231219 15:07:48.087" level="INFO">Fills the text '00000014141' in the given field.</msg>
<status status="PASS" starttime="20231219 15:07:48.086" endtime="20231219 15:07:48.119"/>
</kw>
<kw name="Fill Text" library="Browser">
<arg>css=input[name=cep]</arg>
<arg>${dog_walker}[cep]</arg>
<tag>PageContent</tag>
<tag>Setter</tag>
<doc>Clears and fills the given ``txt`` into the text field found by ``selector``.</doc>
<msg timestamp="20231219 15:07:48.120" level="INFO">Fills the text '44380970' in the given field.</msg>
<status status="PASS" starttime="20231219 15:07:48.119" endtime="20231219 15:07:48.153"/>
</kw>
<kw name="Click" library="Browser">
<arg>css=input[type=button][value$=CEP]</arg>
<tag>PageContent</tag>
<tag>Setter</tag>
<doc>Simulates mouse click on the element found by ``selector``.</doc>
<status status="PASS" starttime="20231219 15:07:48.153" endtime="20231219 15:07:48.208"/>
</kw>
<kw name="Fill Text" library="Browser">
<arg>css=input[name=addressNumber]</arg>
<arg>${dog_walker}[number]</arg>
<tag>PageContent</tag>
<tag>Setter</tag>
<doc>Clears and fills the given ``txt`` into the text field found by ``selector``.</doc>
<msg timestamp="20231219 15:07:48.210" level="INFO">Fills the text '1000' in the given field.</msg>
<status status="PASS" starttime="20231219 15:07:48.209" endtime="20231219 15:07:48.248"/>
</kw>
<kw name="Fill Text" library="Browser">
<arg>css=input[name=addressDetails]</arg>
<arg>${dog_walker}[details]</arg>
<tag>PageContent</tag>
<tag>Setter</tag>
<doc>Clears and fills the given ``txt`` into the text field found by ``selector``.</doc>
<msg timestamp="20231219 15:07:48.249" level="INFO">Fills the text 'Apto 28' in the given field.</msg>
<status status="PASS" starttime="20231219 15:07:48.248" endtime="20231219 15:07:48.282"/>
</kw>
<kw name="Upload File By Selector" library="Browser">
<arg>css=input[type=file]</arg>
<arg>${EXECDIR}/resources/fixtures/${dog_walker}[cnh]</arg>
<tag>PageContent</tag>
<tag>Setter</tag>
<doc>Uploads file from `path` to file input element matched by selector.</doc>
<status status="PASS" starttime="20231219 15:07:48.283" endtime="20231219 15:07:48.310"/>
</kw>
<status status="PASS" starttime="20231219 15:07:48.003" endtime="20231219 15:07:48.310"/>
</kw>
<kw name="Additional Service" library="signup">
<arg>Adestrar</arg>
<kw name="Click" library="Browser">
<arg>xpath=//span[text()="${additional_service}"]/..</arg>
<tag>PageContent</tag>
<tag>Setter</tag>
<doc>Simulates mouse click on the element found by ``selector``.</doc>
<status status="PASS" starttime="20231219 15:07:48.311" endtime="20231219 15:07:48.362"/>
</kw>
<status status="PASS" starttime="20231219 15:07:48.311" endtime="20231219 15:07:48.362"/>
</kw>
<kw name="Submit signup form" library="signup">
<kw name="Click" library="Browser">
<arg>css=.button-register</arg>
<tag>PageContent</tag>
<tag>Setter</tag>
<doc>Simulates mouse click on the element found by ``selector``.</doc>
<status status="PASS" starttime="20231219 15:07:48.363" endtime="20231219 15:07:48.423"/>
</kw>
<status status="PASS" starttime="20231219 15:07:48.363" endtime="20231219 15:07:48.423"/>
</kw>
<kw name="Poupup should be" library="signup">
<arg>Recebemos o seu cadastro e em breve retornaremos o contato.</arg>
<kw name="Wait For Elements State" library="Browser">
<arg>css=.swal2-html-container</arg>
<arg>visible</arg>
<tag>PageContent</tag>
<tag>Wait</tag>
<doc>Waits for the element found by ``selector`` to satisfy state option.</doc>
<msg timestamp="20231219 15:07:49.320" level="INFO">Waited for Element with selector css=.swal2-html-container at state visible</msg>
<status status="PASS" starttime="20231219 15:07:48.426" endtime="20231219 15:07:49.320"/>
</kw>
<kw name="Get Text" library="Browser">
<arg>css=.swal2-html-container</arg>
<arg>equal</arg>
<arg>${expected_text}</arg>
<tag>Assertion</tag>
<tag>Getter</tag>
<tag>PageContent</tag>
<doc>Returns text attribute of the element found by ``selector``.</doc>
<msg timestamp="20231219 15:07:49.425" level="INFO">Text: 'Recebemos o seu cadastro e em breve retornaremos o contato.'</msg>
<status status="PASS" starttime="20231219 15:07:49.321" endtime="20231219 15:07:49.426"/>
</kw>
<kw name="Take Screenshot" library="Browser">
<tag>PageContent</tag>
<doc>Takes a screenshot of the current window or element and saves it to disk.</doc>
<msg timestamp="20231219 15:07:49.728" level="INFO" html="true">&lt;/td&gt;&lt;/tr&gt;&lt;tr&gt;&lt;td colspan="3"&gt;&lt;a href="browser/screenshot/robotframework-browser-screenshot-7.png" target="_blank"&gt;&lt;img src="browser/screenshot/robotframework-browser-screenshot-7.png" width="800px"/&gt;&lt;/a&gt;</msg>
<status status="PASS" starttime="20231219 15:07:49.427" endtime="20231219 15:07:49.728"/>
</kw>
<status status="PASS" starttime="20231219 15:07:48.425" endtime="20231219 15:07:49.729"/>
</kw>
<kw name="Finish session" library="base" type="TEARDOWN">
<kw name="Take Screenshot" library="Browser">
<arg>fullPage=True</arg>
<tag>PageContent</tag>
<doc>Takes a screenshot of the current window or element and saves it to disk.</doc>
<msg timestamp="20231219 15:07:50.085" level="INFO" html="true">&lt;/td&gt;&lt;/tr&gt;&lt;tr&gt;&lt;td colspan="3"&gt;&lt;a href="browser/screenshot/robotframework-browser-screenshot-8.png" target="_blank"&gt;&lt;img src="browser/screenshot/robotframework-browser-screenshot-8.png" width="800px"/&gt;&lt;/a&gt;</msg>
<status status="PASS" starttime="20231219 15:07:49.730" endtime="20231219 15:07:50.085"/>
</kw>
<status status="PASS" starttime="20231219 15:07:49.730" endtime="20231219 15:07:50.085"/>
</kw>
<tag>aservice</tag>
<status status="PASS" starttime="20231219 15:07:46.361" endtime="20231219 15:07:50.086"/>
</test>
<doc>Suite de testes de cadastro de dog walker</doc>
<status status="PASS" starttime="20231219 15:07:30.778" endtime="20231219 15:07:50.207"/>
</suite>
<statistics>
<total>
<stat pass="5" fail="0" skip="0">All Tests</stat>
</total>
<tag>
<stat pass="2" fail="0" skip="0">aservice</stat>
<stat pass="1" fail="0" skip="0">cpf_inv</stat>
<stat pass="1" fail="0" skip="0">required</stat>
</tag>
<suite>
<stat pass="5" fail="0" skip="0" id="s1" name="Signup">Signup</stat>
</suite>
</statistics>
<errors>
</errors>
</robot>
